<?xml version="1.0" encoding="UTF-8"?>
<testsuite xmlns:xsi="http://www.w3.org/2001/XMLSchema-instance" xsi:noNamespaceSchemaLocation="https://maven.apache.org/surefire/maven-surefire-plugin/xsd/surefire-test-report-3.0.xsd" version="3.0" name="ConfigurationServiceImplTest" time="0.08" tests="9" errors="0" skipped="0" failures="0">
  <properties>
[...]
</properties>
  <testcase name="testGetTicketPricesReturnsCorrectValues" classname="ConfigurationServiceImplTest" time="0.045">
    <system-out><![CDATA[12:30:55.197 [main] INFO uk.gov.dwp.uc.pairtest.configuration.ConfigurationServiceImpl - Parsing property values
12:30:55.197 [main] INFO uk.gov.dwp.uc.pairtest.configuration.ConfigurationServiceImpl - Properties loaded successfully: {CHILD_PRICE=10, MAX_TICKETS=6, INFANT_PRICE=5, ADULT_PRICE=20}
]]></system-out>
  </testcase>
  <testcase name="testGetMaxTicketsReturnsCorrectValue" classname="ConfigurationServiceImplTest" time="0.004">
    <system-out><![CDATA[12:30:55.208 [main] INFO uk.gov.dwp.uc.pairtest.configuration.ConfigurationServiceImpl - Parsing property values
12:30:55.209 [main] INFO uk.gov.dwp.uc.pairtest.configuration.ConfigurationServiceImpl - Properties loaded successfully: {CHILD_PRICE=10, MAX_TICKETS=6, INFANT_PRICE=5, ADULT_PRICE=20}
]]></system-out>
  </testcase>
  <testcase name="testLoadPropertiesHandlesMissingChildPrice" classname="ConfigurationServiceImplTest" time="0.003">
    <system-out><![CDATA[12:30:55.213 [main] INFO uk.gov.dwp.uc.pairtest.configuration.ConfigurationServiceImpl - Parsing property values
]]></system-out>
  </testcase>
  <testcase name="testLoadPropertiesHandlesInvalidIntegerProperty" classname="ConfigurationServiceImplTest" time="0.003">
    <system-out><![CDATA[12:30:55.216 [main] INFO uk.gov.dwp.uc.pairtest.configuration.ConfigurationServiceImpl - Parsing property values
12:30:55.217 [main] ERROR uk.gov.dwp.uc.pairtest.configuration.ConfigurationServiceImpl - One or more properties are not valid integers
java.lang.NumberFormatException: For input string: "five"
	at java.base/java.lang.NumberFormatException.forInputString(NumberFormatException.java:67)
	at java.base/java.lang.Integer.parseInt(Integer.java:588)
	at java.base/java.lang.Integer.parseInt(Integer.java:685)
	at uk.gov.dwp.uc.pairtest.configuration.ConfigurationServiceImpl.validateProperties(ConfigurationServiceImpl.java:67)
	at uk.gov.dwp.uc.pairtest.configuration.ConfigurationServiceImpl.parseAndSetProperties(ConfigurationServiceImpl.java:36)
	at uk.gov.dwp.uc.pairtest.configuration.ConfigurationServiceImpl.loadProperties(ConfigurationServiceImpl.java:29)
	at ConfigurationServiceImplTest.lambda$testLoadPropertiesHandlesInvalidIntegerProperty$1(ConfigurationServiceImplTest.java:78)
	at org.junit.jupiter.api.AssertThrows.assertThrows(AssertThrows.java:53)
	at org.junit.jupiter.api.AssertThrows.assertThrows(AssertThrows.java:35)
	at org.junit.jupiter.api.Assertions.assertThrows(Assertions.java:3111)
	at ConfigurationServiceImplTest.testLoadPropertiesHandlesInvalidIntegerProperty(ConfigurationServiceImplTest.java:77)
	at java.base/jdk.internal.reflect.DirectMethodHandleAccessor.invoke(DirectMethodHandleAccessor.java:103)
	at java.base/java.lang.reflect.Method.invoke(Method.java:580)
	at org.junit.platform.commons.util.ReflectionUtils.invokeMethod(ReflectionUtils.java:728)
	at org.junit.jupiter.engine.execution.MethodInvocation.proceed(MethodInvocation.java:60)
	at org.junit.jupiter.engine.execution.InvocationInterceptorChain$ValidatingInvocation.proceed(InvocationInterceptorChain.java:131)
	at org.junit.jupiter.engine.extension.TimeoutExtension.intercept(TimeoutExtension.java:156)
	at org.junit.jupiter.engine.extension.TimeoutExtension.interceptTestableMethod(TimeoutExtension.java:147)
	at org.junit.jupiter.engine.extension.TimeoutExtension.interceptTestMethod(TimeoutExtension.java:86)
	at org.junit.jupiter.engine.execution.InterceptingExecutableInvoker$ReflectiveInterceptorCall.lambda$ofVoidMethod$0(InterceptingExecutableInvoker.java:103)
	at org.junit.jupiter.engine.execution.InterceptingExecutableInvoker.lambda$invoke$0(InterceptingExecutableInvoker.java:93)
	at org.junit.jupiter.engine.execution.InvocationInterceptorChain$InterceptedInvocation.proceed(InvocationInterceptorChain.java:106)
	at org.junit.jupiter.engine.execution.InvocationInterceptorChain.proceed(InvocationInterceptorChain.java:64)
	at org.junit.jupiter.engine.execution.InvocationInterceptorChain.chainAndInvoke(InvocationInterceptorChain.java:45)
	at org.junit.jupiter.engine.execution.InvocationInterceptorChain.invoke(InvocationInterceptorChain.java:37)
	at org.junit.jupiter.engine.execution.InterceptingExecutableInvoker.invoke(InterceptingExecutableInvoker.java:92)
	at org.junit.jupiter.engine.execution.InterceptingExecutableInvoker.invoke(InterceptingExecutableInvoker.java:86)
	at org.junit.jupiter.engine.descriptor.TestMethodTestDescriptor.lambda$invokeTestMethod$7(TestMethodTestDescriptor.java:218)
	at org.junit.platform.engine.support.hierarchical.ThrowableCollector.execute(ThrowableCollector.java:73)
	at org.junit.jupiter.engine.descriptor.TestMethodTestDescriptor.invokeTestMethod(TestMethodTestDescriptor.java:214)
	at org.junit.jupiter.engine.descriptor.TestMethodTestDescriptor.execute(TestMethodTestDescriptor.java:139)
	at org.junit.jupiter.engine.descriptor.TestMethodTestDescriptor.execute(TestMethodTestDescriptor.java:69)
	at org.junit.platform.engine.support.hierarchical.NodeTestTask.lambda$executeRecursively$6(NodeTestTask.java:151)
	at org.junit.platform.engine.support.hierarchical.ThrowableCollector.execute(ThrowableCollector.java:73)
	at org.junit.platform.engine.support.hierarchical.NodeTestTask.lambda$executeRecursively$8(NodeTestTask.java:141)
	at org.junit.platform.engine.support.hierarchical.Node.around(Node.java:137)
	at org.junit.platform.engine.support.hierarchical.NodeTestTask.lambda$executeRecursively$9(NodeTestTask.java:139)
	at org.junit.platform.engine.support.hierarchical.ThrowableCollector.execute(ThrowableCollector.java:73)
	at org.junit.platform.engine.support.hierarchical.NodeTestTask.executeRecursively(NodeTestTask.java:138)
	at org.junit.platform.engine.support.hierarchical.NodeTestTask.execute(NodeTestTask.java:95)
	at java.base/java.util.ArrayList.forEach(ArrayList.java:1597)
	at org.junit.platform.engine.support.hierarchical.SameThreadHierarchicalTestExecutorService.invokeAll(SameThreadHierarchicalTestExecutorService.java:41)
	at org.junit.platform.engine.support.hierarchical.NodeTestTask.lambda$executeRecursively$6(NodeTestTask.java:155)
	at org.junit.platform.engine.support.hierarchical.ThrowableCollector.execute(ThrowableCollector.java:73)
	at org.junit.platform.engine.support.hierarchical.NodeTestTask.lambda$executeRecursively$8(NodeTestTask.java:141)
	at org.junit.platform.engine.support.hierarchical.Node.around(Node.java:137)
	at org.junit.platform.engine.support.hierarchical.NodeTestTask.lambda$executeRecursively$9(NodeTestTask.java:139)
	at org.junit.platform.engine.support.hierarchical.ThrowableCollector.execute(ThrowableCollector.java:73)
	at org.junit.platform.engine.support.hierarchical.NodeTestTask.executeRecursively(NodeTestTask.java:138)
	at org.junit.platform.engine.support.hierarchical.NodeTestTask.execute(NodeTestTask.java:95)
	at java.base/java.util.ArrayList.forEach(ArrayList.java:1597)
	at org.junit.platform.engine.support.hierarchical.SameThreadHierarchicalTestExecutorService.invokeAll(SameThreadHierarchicalTestExecutorService.java:41)
	at org.junit.platform.engine.support.hierarchical.NodeTestTask.lambda$executeRecursively$6(NodeTestTask.java:155)
	at org.junit.platform.engine.support.hierarchical.ThrowableCollector.execute(ThrowableCollector.java:73)
	at org.junit.platform.engine.support.hierarchical.NodeTestTask.lambda$executeRecursively$8(NodeTestTask.java:141)
	at org.junit.platform.engine.support.hierarchical.Node.around(Node.java:137)
	at org.junit.platform.engine.support.hierarchical.NodeTestTask.lambda$executeRecursively$9(NodeTestTask.java:139)
	at org.junit.platform.engine.support.hierarchical.ThrowableCollector.execute(ThrowableCollector.java:73)
	at org.junit.platform.engine.support.hierarchical.NodeTestTask.executeRecursively(NodeTestTask.java:138)
	at org.junit.platform.engine.support.hierarchical.NodeTestTask.execute(NodeTestTask.java:95)
	at org.junit.platform.engine.support.hierarchical.SameThreadHierarchicalTestExecutorService.submit(SameThreadHierarchicalTestExecutorService.java:35)
	at org.junit.platform.engine.support.hierarchical.HierarchicalTestExecutor.execute(HierarchicalTestExecutor.java:57)
	at org.junit.platform.engine.support.hierarchical.HierarchicalTestEngine.execute(HierarchicalTestEngine.java:54)
	at org.junit.platform.launcher.core.EngineExecutionOrchestrator.execute(EngineExecutionOrchestrator.java:198)
	at org.junit.platform.launcher.core.EngineExecutionOrchestrator.execute(EngineExecutionOrchestrator.java:169)
	at org.junit.platform.launcher.core.EngineExecutionOrchestrator.execute(EngineExecutionOrchestrator.java:93)
	at org.junit.platform.launcher.core.EngineExecutionOrchestrator.lambda$execute$0(EngineExecutionOrchestrator.java:58)
	at org.junit.platform.launcher.core.EngineExecutionOrchestrator.withInterceptedStreams(EngineExecutionOrchestrator.java:141)
	at org.junit.platform.launcher.core.EngineExecutionOrchestrator.execute(EngineExecutionOrchestrator.java:57)
	at org.junit.platform.launcher.core.DefaultLauncher.execute(DefaultLauncher.java:103)
	at org.junit.platform.launcher.core.DefaultLauncher.execute(DefaultLauncher.java:85)
	at org.junit.platform.launcher.core.DelegatingLauncher.execute(DelegatingLauncher.java:47)
	at org.junit.platform.launcher.core.SessionPerRequestLauncher.execute(SessionPerRequestLauncher.java:63)
	at org.apache.maven.surefire.junitplatform.JUnitPlatformProvider.execute(JUnitPlatformProvider.java:188)
	at org.apache.maven.surefire.junitplatform.JUnitPlatformProvider.invokeAllTests(JUnitPlatformProvider.java:154)
	at org.apache.maven.surefire.junitplatform.JUnitPlatformProvider.invoke(JUnitPlatformProvider.java:128)
	at org.apache.maven.surefire.booter.ForkedBooter.runSuitesInProcess(ForkedBooter.java:428)
	at org.apache.maven.surefire.booter.ForkedBooter.execute(ForkedBooter.java:162)
	at org.apache.maven.surefire.booter.ForkedBooter.run(ForkedBooter.java:562)
	at org.apache.maven.surefire.booter.ForkedBooter.main(ForkedBooter.java:548)
]]></system-out>
  </testcase>
  <testcase name="testLoadPropertiesHandlesMissingFile" classname="ConfigurationServiceImplTest" time="0.002"/>
  <testcase name="testLoadPropertiesSuccessfully" classname="ConfigurationServiceImplTest" time="0.002">
    <system-out><![CDATA[12:30:55.222 [main] INFO uk.gov.dwp.uc.pairtest.configuration.ConfigurationServiceImpl - Parsing property values
12:30:55.222 [main] INFO uk.gov.dwp.uc.pairtest.configuration.ConfigurationServiceImpl - Properties loaded successfully: {CHILD_PRICE=10, MAX_TICKETS=6, INFANT_PRICE=5, ADULT_PRICE=20}
]]></system-out>
  </testcase>
  <testcase name="testLoadPropertiesHandlesMissingInfantPrice" classname="ConfigurationServiceImplTest" time="0.003">
    <system-out><![CDATA[12:30:55.226 [main] INFO uk.gov.dwp.uc.pairtest.configuration.ConfigurationServiceImpl - Parsing property values
]]></system-out>
  </testcase>
  <testcase name="testLoadPropertiesHandlesMissingMaxTickets" classname="ConfigurationServiceImplTest" time="0.002">
    <system-out><![CDATA[12:30:55.227 [main] INFO uk.gov.dwp.uc.pairtest.configuration.ConfigurationServiceImpl - Parsing property values
]]></system-out>
  </testcase>
  <testcase name="testLoadPropertiesHandlesMissingAdultPrice" classname="ConfigurationServiceImplTest" time="0.002">
    <system-out><![CDATA[12:30:55.231 [main] INFO uk.gov.dwp.uc.pairtest.configuration.ConfigurationServiceImpl - Parsing property values
]]></system-out>
  </testcase>
</testsuite>