<?xml version="1.0" encoding="UTF-8"?>
<testsuite xmlns:xsi="http://www.w3.org/2001/XMLSchema-instance" xsi:noNamespaceSchemaLocation="https://maven.apache.org/surefire/maven-surefire-plugin/xsd/surefire-test-report-3.0.xsd" version="3.0" name="ValidatorServiceImplTest" time="1.01" tests="6" errors="0" skipped="0" failures="0">
  <properties>
[...]
</properties>
  <testcase name="validateTickets_NoAdultTicket_ThrowsException" classname="ValidatorServiceImplTest" time="0.887">
    <system-out><![CDATA[12:30:54.857 [main] ERROR uk.gov.dwp.uc.pairtest.validation.ValidatorServiceImpl - Child and Infant tickets require at least one Adult ticket.
]]></system-out>
  </testcase>
  <testcase name="validateTickets_ExceedsMaxTickets_ThrowsException" classname="ValidatorServiceImplTest" time="0.017">
    <system-out><![CDATA[12:30:54.899 [main] ERROR uk.gov.dwp.uc.pairtest.validation.ValidatorServiceImpl - Cannot purchase more than 5 tickets at a time.
]]></system-out>
  </testcase>
  <testcase name="validateAccount_InvalidAccountId_ReturnsFalse" classname="ValidatorServiceImplTest" time="0.004"/>
  <testcase name="validateTickets_InvalidQuantity_ThrowsException" classname="ValidatorServiceImplTest" time="0.004">
    <system-out><![CDATA[12:30:54.916 [main] ERROR uk.gov.dwp.uc.pairtest.validation.ValidatorServiceImpl - Invalid quantity for ticket type: ADULT
]]></system-out>
  </testcase>
  <testcase name="validateTickets_ValidTickets_NoException" classname="ValidatorServiceImplTest" time="0.002"/>
  <testcase name="validateAccount_ValidAccountId_ReturnsTrue" classname="ValidatorServiceImplTest" time="0.009"/>
</testsuite>